<?xml version="1.0" encoding="UTF-8"?>
<testng-results ignored="0" total="1" passed="1" failed="0" skipped="0">
  <reporter-output>
  </reporter-output>
  <suite started-at="2025-10-17T16:02:04 IST" name="Default suite" finished-at="2025-10-17T16:02:11 IST" duration-ms="6826">
    <groups>
    </groups>
    <test started-at="2025-10-17T16:02:04 IST" name="Default test" finished-at="2025-10-17T16:02:11 IST" duration-ms="6826">
      <class name="TestCases.TC3_Login">
        <test-method is-config="true" signature="OpenURL()[pri:0, instance:TestCases.TC3_Login@489115ef]" started-at="2025-10-17T16:01:58 IST" name="OpenURL" finished-at="2025-10-17T16:02:04 IST" duration-ms="5393" status="PASS">
          <reporter-output>
          </reporter-output>
        </test-method> <!-- OpenURL -->
        <test-method signature="login()[pri:0, instance:TestCases.TC3_Login@489115ef]" started-at="2025-10-17T16:02:04 IST" name="login" finished-at="2025-10-17T16:02:11 IST" duration-ms="6784" status="PASS">
          <reporter-output>
          </reporter-output>
        </test-method> <!-- login -->
        <test-method is-config="true" signature="closeURL()[pri:0, instance:TestCases.TC3_Login@489115ef]" started-at="2025-10-17T16:02:11 IST" name="closeURL" finished-at="2025-10-17T16:02:11 IST" duration-ms="137" status="PASS">
          <reporter-output>
          </reporter-output>
        </test-method> <!-- closeURL -->
      </class> <!-- TestCases.TC3_Login -->
    </test> <!-- Default test -->
  </suite> <!-- Default suite -->
</testng-results>
